[lint] 三家分晋:12: 单汉字 wikilink [[魏]] ——可能是词条拆分错误，请确认是否为全书名的一部分
[lint] 三家分晋:12: 单汉字 wikilink [[赵]] ——可能是词条拆分错误，请确认是否为全书名的一部分
[lint] 三家分晋:12: 单汉字 wikilink [[韩]] ——可能是词条拆分错误，请确认是否为全书名的一部分
[lint] 李牧:16: 单汉字 wikilink [[代]] ——可能是词条拆分错误，请确认是否为全书名的一部分
[lint] 诸葛亮:25: 单汉字 wikilink [[统]] ——可能是词条拆分错误，请确认是否为全书名的一部分
[lint] 豫让:12: 单汉字 wikilink [[韩]] ——可能是词条拆分错误，请确认是否为全书名的一部分
[lint] 豫让:12: 单汉字 wikilink [[魏]] ——可能是词条拆分错误，请确认是否为全书名的一部分
[lint] 豫让:12: 单汉字 wikilink [[赵]] ——可能是词条拆分错误，请确认是否为全书名的一部分
[ok] 326 pages → /home/baojie/work/knowledge/tongjian/wiki/public/pages.json
[ok] 326 pages → /home/baojie/work/knowledge/tongjian/wiki/public/pages.lite.json (lite)
Chapters: 120
Entries: 2614
Output: /home/baojie/work/knowledge/honglou/wiki/public/data/fts-index.json
Size: 2,695,919 bytes (2633 KB)
根目录: /home/baojie/work/knowledge/tongjian/wiki/public
红楼梦 Wiki · http://0.0.0.0:1084/  (本机)
红楼梦 Wiki · http://puti:1084/  (局域网)
  Ctrl+C 停止

  GET /index.html → 200
  GET /css/main.css → 200
  GET /js/core.js → 200
  GET /pages.lite.json → 200
  GET /js/hooks.js → 200
  GET /js/registry.js → 200
  GET /js/router.js → 200
  GET /js/parser.js → 200
  GET /js/util.js → 200
  GET /js/renderer.js → 200
  GET /js/renderer.js → 200
  GET /js/special.js → 200
  GET /js/frontmatter.js → 200
  GET /js/wikilink.js → 200
  GET /js/autolink.js → 200
  GET /pages.lite.json → 200
  GET /pages.json → 200
  GET /pages/第001卷.md → 200
  GET /recent.lite.jsonl → 200
  GET /recent.lite.jsonl → 200
  GET /pages/周威烈王.md → 200
  GET /recent.lite.jsonl → 200
  GET /pages/范雎.md → 200
  GET /recent.lite.jsonl → 200
  GET /pages/赤壁之战.md → 200
  GET /recent.lite.jsonl → 200
  GET /index.html → 200
  GET /css/main.css → 200
  GET /js/core.js → 200
  GET /pages.lite.json → 200
  GET /js/hooks.js → 200
  GET /js/registry.js → 200
  GET /js/router.js → 200
  GET /js/parser.js → 200
  GET /js/util.js → 200
  GET /js/renderer.js → 200
  GET /js/renderer.js → 200
  GET /js/special.js → 200
  GET /js/frontmatter.js → 200
  GET /js/wikilink.js → 200
  GET /js/autolink.js → 200
  GET /pages.lite.json → 200
  GET /pages.json → 200
  GET /index.html → 200
  GET /css/main.css → 200
  GET /js/core.js → 200
  GET /pages.lite.json → 200
  GET /js/hooks.js → 200
  GET /js/registry.js → 200
  GET /js/router.js → 200
  GET /js/parser.js → 200
  GET /js/util.js → 200
  GET /js/renderer.js → 200
  GET /js/renderer.js → 200
  GET /js/special.js → 200
  GET /js/frontmatter.js → 200
  GET /js/wikilink.js → 200
  GET /js/autolink.js → 200
  GET /pages.lite.json → 200
  GET /pages.json → 200
  GET /pages/第020卷.md → 200
  GET /recent.lite.jsonl → 200
  GET /pages/赵高.md → 200
  GET /recent.lite.jsonl → 200
  GET /pages/春申君.md → 200
  GET /recent.lite.jsonl → 200
  GET /index.html → 200
  GET /css/main.css → 200
  GET /js/core.js → 200
  GET /pages.lite.json → 200
  GET /js/hooks.js → 200
  GET /js/registry.js → 200
  GET /js/router.js → 200
  GET /js/parser.js → 200
  GET /js/util.js → 200
  GET /js/renderer.js → 200
  GET /js/frontmatter.js → 200
  GET /js/wikilink.js → 200
  GET /js/autolink.js → 200
  GET /js/renderer.js → 200
  GET /js/special.js → 200
  GET /pages.lite.json → 200
  GET /pages.json → 200
  GET /recent.lite.jsonl → 200
  GET /index.html → 200
  GET /css/main.css → 200
  GET /js/core.js → 200
  GET /pages.lite.json → 200
  GET /js/hooks.js → 200
  GET /js/registry.js → 200
  GET /js/router.js → 200
  GET /js/parser.js → 200
  GET /js/util.js → 200
  GET /js/renderer.js → 200
  GET /js/renderer.js → 200
  GET /js/special.js → 200
  GET /js/frontmatter.js → 200
  GET /js/wikilink.js → 200
  GET /js/autolink.js → 200
  GET /pages.lite.json → 200
  GET /pages.json → 200
  GET /index.html → 200
  GET /index.html → 200
  GET /css/main.css → 200
  GET /js/core.js → 200
  GET /pages.lite.json → 200
  GET /js/hooks.js → 200
  GET /js/registry.js → 200
  GET /js/router.js → 200
  GET /js/parser.js → 200
  GET /js/util.js → 200
  GET /js/renderer.js → 200
  GET /js/frontmatter.js → 200
  GET /js/wikilink.js → 200
  GET /js/autolink.js → 200
  GET /js/renderer.js → 200
  GET /js/special.js → 200
  GET /pages.lite.json → 200
  GET /pages.json → 200
  GET /index.html → 200
  GET /css/main.css → 200
  GET /js/core.js → 200
  GET /pages.lite.json → 200
  GET /js/hooks.js → 200
  GET /js/registry.js → 200
  GET /js/router.js → 200
  GET /js/parser.js → 200
  GET /js/util.js → 200
  GET /js/renderer.js → 200
  GET /js/renderer.js → 200
  GET /js/special.js → 200
  GET /js/frontmatter.js → 200
  GET /js/wikilink.js → 200
  GET /js/autolink.js → 200
  GET /pages.lite.json → 200
  GET /pages.json → 200
  GET /index.html → 200
  GET /css/main.css → 200
  GET /js/core.js → 200
  GET /pages.lite.json → 200
  GET /js/hooks.js → 200
  GET /js/registry.js → 200
  GET /js/router.js → 200
  GET /js/parser.js → 200
  GET /js/util.js → 200
  GET /js/renderer.js → 200
  GET /js/renderer.js → 200
  GET /js/special.js → 200
  GET /js/frontmatter.js → 200
  GET /js/wikilink.js → 200
  GET /js/autolink.js → 200
  GET /pages.lite.json → 200
  GET /pages.json → 200
  GET /index.html → 200
  GET /css/main.css → 200
  GET /js/core.js → 200
  GET /pages.lite.json → 200
  GET /js/hooks.js → 200
  GET /js/registry.js → 200
  GET /js/router.js → 200
  GET /js/parser.js → 200
  GET /js/util.js → 200
  GET /js/renderer.js → 200
  GET /js/frontmatter.js → 200
  GET /js/wikilink.js → 200
  GET /js/autolink.js → 200
  GET /js/renderer.js → 200
  GET /js/special.js → 200
  GET /pages.lite.json → 200
  GET /pages.json → 200
  GET /index.html → 200
  GET /css/main.css → 200
  GET /js/core.js → 200
  GET /pages.lite.json → 200
  GET /js/hooks.js → 200
  GET /js/registry.js → 200
  GET /js/router.js → 200
  GET /js/parser.js → 200
  GET /js/util.js → 200
  GET /js/renderer.js → 200
  GET /js/frontmatter.js → 200
  GET /js/wikilink.js → 200
  GET /js/autolink.js → 200
  GET /js/renderer.js → 200
  GET /js/special.js → 200
  GET /pages.lite.json → 200
  GET /pages.json → 200
  GET /index.html → 200
  GET /css/main.css → 200
  GET /js/core.js → 200
  GET /pages.lite.json → 200
  GET /js/hooks.js → 200
  GET /js/registry.js → 200
  GET /js/router.js → 200
  GET /js/parser.js → 200
  GET /js/util.js → 200
  GET /js/renderer.js → 200
  GET /js/frontmatter.js → 200
  GET /js/wikilink.js → 200
  GET /js/autolink.js → 200
  GET /js/renderer.js → 200
  GET /js/special.js → 200
  GET /pages.lite.json → 200
  GET /pages.json → 200
  GET /pages.json → 200
  GET /index.html → 200
  GET /css/main.css → 200
  GET /js/core.js → 200
  GET /pages.lite.json → 200
  GET /js/hooks.js → 200
  GET /js/registry.js → 200
  GET /js/router.js → 200
  GET /js/parser.js → 200
  GET /js/util.js → 200
  GET /js/renderer.js → 200
  GET /js/frontmatter.js → 200
  GET /js/wikilink.js → 200
  GET /js/autolink.js → 200
  GET /js/renderer.js → 200
  GET /js/special.js → 200
  GET /pages.lite.json → 200
  GET /pages.json → 200
  GET /pages.json → 200
  GET /index.html → 200
  GET /css/main.css → 200
  GET /js/core.js → 200
  GET /pages.lite.json → 200
  GET /js/hooks.js → 200
  GET /js/registry.js → 200
  GET /js/router.js → 200
  GET /js/parser.js → 200
  GET /js/util.js → 200
  GET /js/renderer.js → 200
  GET /js/frontmatter.js → 200
  GET /js/wikilink.js → 200
  GET /js/autolink.js → 200
  GET /js/renderer.js → 200
  GET /js/special.js → 200
  GET /pages.lite.json → 200
  GET /pages.json → 200
  GET /index.html → 200
  GET /css/main.css → 200
  GET /js/core.js → 200
  GET /pages.lite.json → 200
  GET /js/hooks.js → 200
  GET /js/registry.js → 200
  GET /js/router.js → 200
  GET /js/parser.js → 200
  GET /js/util.js → 200
  GET /js/renderer.js → 200
  GET /js/frontmatter.js → 200
  GET /js/wikilink.js → 200
  GET /js/autolink.js → 200
  GET /js/renderer.js → 200
  GET /js/special.js → 200
  GET /pages.lite.json → 200
  GET /pages.json → 200
  GET /index.html → 200
  GET /css/main.css → 200
  GET /js/core.js → 200
  GET /pages.lite.json → 200
  GET /js/hooks.js → 200
  GET /js/registry.js → 200
  GET /js/router.js → 200
  GET /js/parser.js → 200
  GET /js/util.js → 200
  GET /js/renderer.js → 200
  GET /js/renderer.js → 200
  GET /js/special.js → 200
  GET /js/frontmatter.js → 200
  GET /js/wikilink.js → 200
  GET /js/autolink.js → 200
  GET /pages.lite.json → 200
  GET /pages.json → 200
  GET /pages/司马光.md → 200
  GET /index.html → 200
  GET /css/main.css → 200
  GET /js/core.js → 200
  GET /pages.lite.json → 200
  GET /js/hooks.js → 200
  GET /js/registry.js → 200
  GET /js/router.js → 200
  GET /js/parser.js → 200
  GET /js/util.js → 200
  GET /js/renderer.js → 200
  GET /js/renderer.js → 200
  GET /js/special.js → 200
  GET /js/frontmatter.js → 200
  GET /js/wikilink.js → 200
  GET /js/autolink.js → 200
  GET /pages.lite.json → 200
  GET /pages.json → 200
  GET /recent.lite.jsonl → 200
  GET /pages/玄武门之变.md → 200
  GET /pages/玄武门之变.md → 200
  GET /pages/唐太宗.md → 200
  GET /index.html → 200
  GET /css/main.css → 200
  GET /js/core.js → 200
  GET /pages.lite.json → 200
  GET /js/hooks.js → 200
  GET /js/registry.js → 200
  GET /js/router.js → 200
  GET /js/parser.js → 200
  GET /js/util.js → 200
  GET /js/renderer.js → 200
  GET /js/frontmatter.js → 200
  GET /js/wikilink.js → 200
  GET /js/autolink.js → 200
  GET /js/renderer.js → 200
  GET /js/special.js → 200
  GET /pages.lite.json → 200
  GET /pages.json → 200
  GET /pages/长平之战.md → 200
  GET /pages/赤壁之战.md → 200
  GET /pages/安禄山.md → 200
  GET /recent.lite.jsonl → 200
  GET /pages/李克用.md → 200
  GET /recent.lite.jsonl → 200
  GET /index.html → 200
  GET /css/main.css → 200
  GET /js/core.js → 200
  GET /pages.lite.json → 200
  GET /js/hooks.js → 200
  GET /js/registry.js → 200
  GET /js/router.js → 200
  GET /js/parser.js → 200
  GET /js/util.js → 200
  GET /js/renderer.js → 200
  GET /js/frontmatter.js → 200
  GET /js/wikilink.js → 200
  GET /js/autolink.js → 200
  GET /js/renderer.js → 200
  GET /js/special.js → 200
  GET /pages.lite.json → 200
  GET /pages.json → 200
  GET /plugins.json → 200
  GET /recent.lite.jsonl → 200
  GET /pages/三家分晋.md → 200
  GET /pages/赵襄子.md → 200
  GET /plugins.json → 200
  GET /plugins.json → 200
  GET /pages/赵襄子.md → 200
  GET /index.html → 200
  GET /css/main.css → 200
  GET /js/core.js → 200
  GET /pages.lite.json → 200
  GET /js/hooks.js → 200
  GET /js/registry.js → 200
  GET /js/router.js → 200
  GET /js/parser.js → 200
  GET /js/util.js → 200
  GET /js/renderer.js → 200
  GET /js/frontmatter.js → 200
  GET /js/wikilink.js → 200
  GET /js/autolink.js → 200
  GET /js/renderer.js → 200
  GET /js/special.js → 200
  GET /pages.lite.json → 200
  GET /pages.json → 200
  GET /plugins.json → 200
  GET /pages/赵襄子.md → 200
  GET /index.html → 200
  GET /css/main.css → 200
  GET /js/core.js → 200
  GET /pages.lite.json → 200
  GET /js/hooks.js → 200
  GET /js/registry.js → 200
  GET /js/router.js → 200
  GET /js/parser.js → 200
  GET /js/util.js → 200
  GET /js/renderer.js → 200
  GET /js/frontmatter.js → 200
  GET /js/wikilink.js → 200
  GET /js/autolink.js → 200
  GET /js/renderer.js → 200
  GET /js/special.js → 200
  GET /pages.lite.json → 200
  GET /pages.json → 200
  GET /plugins.json → 200
  GET /pages/司马光.md → 200
  GET /index.html → 200
  GET /css/main.css → 200
  GET /js/core.js → 200
  GET /pages.lite.json → 200
  GET /js/hooks.js → 200
  GET /js/registry.js → 200
  GET /js/router.js → 200
  GET /js/parser.js → 200
  GET /js/util.js → 200
  GET /js/renderer.js → 200
  GET /js/frontmatter.js → 200
  GET /js/wikilink.js → 200
  GET /js/autolink.js → 200
  GET /js/renderer.js → 200
  GET /js/special.js → 200
  GET /pages.lite.json → 200
  GET /pages.json → 200
  GET /plugins.json → 200
  GET /plugins/pn-citation/index.js → 200
  GET /plugins/backlinks/index.js → 200
  GET /plugins/sealso/index.js → 200
  GET /data/chapter_map.json → 200
  GET /pages/司马光.md → 200
  GET /recent.lite.jsonl → 200
  GET /index.html → 200
  GET /css/main.css → 200
  GET /js/core.js → 200
  GET /pages.lite.json → 200
  GET /js/hooks.js → 200
  GET /js/registry.js → 200
  GET /js/router.js → 200
  GET /js/parser.js → 200
  GET /js/util.js → 200
  GET /js/renderer.js → 200
  GET /js/frontmatter.js → 200
  GET /js/wikilink.js → 200
  GET /js/autolink.js → 200
  GET /js/renderer.js → 200
  GET /js/special.js → 200
  GET /pages.lite.json → 200
  GET /pages.json → 200
  GET /plugins.json → 200
  GET /plugins/pn-citation/index.js → 200
  GET /plugins/backlinks/index.js → 200
  GET /plugins/sealso/index.js → 200
  GET /data/chapter_map.json → 200
  GET /pages/安史之乱.md → 200
  GET /pages/郭子仪.md → 200
  GET /index.html → 200
  GET /css/main.css → 200
  GET /js/core.js → 200
  GET /pages.lite.json → 200
  GET /js/hooks.js → 200
  GET /js/registry.js → 200
  GET /js/router.js → 200
  GET /js/parser.js → 200
  GET /js/util.js → 200
  GET /js/renderer.js → 200
  GET /js/renderer.js → 200
  GET /js/special.js → 200
  GET /js/frontmatter.js → 200
  GET /js/wikilink.js → 200
  GET /js/autolink.js → 200
  GET /pages.lite.json → 200
  GET /pages.json → 200
  GET /plugins.json → 200
  GET /plugins/pn-citation/index.js → 200
  GET /plugins/backlinks/index.js → 200
  GET /plugins/sealso/index.js → 200
  GET /data/chapter_map.json → 200
  GET /pages/汉高祖刘邦.md → 200
  GET /index.html → 200
  GET /css/main.css → 200
  GET /js/core.js → 200
  GET /pages.lite.json → 200
  GET /js/hooks.js → 200
  GET /js/registry.js → 200
  GET /js/router.js → 200
  GET /js/parser.js → 200
  GET /js/util.js → 200
  GET /js/renderer.js → 200
  GET /js/frontmatter.js → 200
  GET /js/wikilink.js → 200
  GET /js/autolink.js → 200
  GET /js/renderer.js → 200
  GET /js/special.js → 200
  GET /pages.lite.json → 200
  GET /pages.json → 200
  GET /plugins.json → 200
  GET /plugins/pn-citation/index.js → 200
  GET /plugins/backlinks/index.js → 200
  GET /plugins/sealso/index.js → 200
  GET /data/chapter_map.json → 200
  GET /pages/司马光.md → 200
  GET /pages/项羽.md → 200
  GET /pages/项羽.md → 200
  GET /pages/项羽.md → 200
  GET /index.html → 200
  GET /css/main.css → 200
  GET /js/core.js → 200
  GET /pages.lite.json → 200
  GET /js/hooks.js → 200
  GET /js/registry.js → 200
  GET /js/router.js → 200
  GET /js/parser.js → 200
  GET /js/util.js → 200
  GET /js/renderer.js → 200
  GET /js/frontmatter.js → 200
  GET /js/wikilink.js → 200
  GET /js/autolink.js → 200
  GET /js/renderer.js → 200
  GET /js/special.js → 200
  GET /pages.lite.json → 200
  GET /pages.json → 200
  GET /plugins.json → 200
  GET /plugins/pn-citation/index.js → 200
  GET /plugins/backlinks/index.js → 200
  GET /plugins/sealso/index.js → 200
  GET /data/chapter_map.json → 200
  GET /pages/司马光.md → 200
  GET /pages/项羽.md → 200
  GET /pages/司马光.md → 200
  GET /pages/第001卷.md → 200
  GET /pages/司马光.md → 200
  GET /index.html → 200
  GET /css/main.css → 200
  GET /js/core.js → 200
  GET /pages.lite.json → 200
  GET /js/hooks.js → 200
  GET /js/registry.js → 200
  GET /js/router.js → 200
  GET /js/parser.js → 200
  GET /js/util.js → 200
  GET /js/renderer.js → 200
  GET /js/frontmatter.js → 200
  GET /js/wikilink.js → 200
  GET /js/autolink.js → 200
  GET /js/renderer.js → 200
  GET /js/special.js → 200
  GET /pages.lite.json → 200
  GET /pages.json → 200
  GET /plugins.json → 200
  GET /plugins/pn-citation/index.js → 200
  GET /plugins/footnote/index.js → 200
  GET /plugins/footnote/markdown-it-footnote.js → 200
  GET /plugins/semantic-block/index.js → 200
  GET /plugins/semantic-query/index.js → 200
  GET /plugins/backlinks/index.js → 200
  GET /plugins/sealso/index.js → 200
  GET /plugins/place-map/index.js → 200
  GET /plugins/route-map/index.js → 200
  GET /plugins/geomap/index.js → 200
  GET /plugins/math/index.js → 200
  GET /data/chapter_map.json → 200
  GET /pages/司马光.md → 200
  GET /index.html → 200
  GET /css/main.css → 200
  GET /js/core.js → 200
  GET /pages.lite.json → 200
  GET /js/hooks.js → 200
  GET /js/registry.js → 200
  GET /js/router.js → 200
  GET /js/parser.js → 200
  GET /js/util.js → 200
  GET /js/renderer.js → 200
  GET /js/renderer.js → 200
  GET /js/special.js → 200
  GET /js/frontmatter.js → 200
  GET /js/wikilink.js → 200
  GET /js/autolink.js → 200
  GET /pages.lite.json → 200
  GET /pages.json → 200
  GET /plugins.json → 200
  GET /plugins/pn-citation/index.js → 200
  GET /plugins/footnote/index.js → 200
  GET /plugins/footnote/markdown-it-footnote.js → 200
  GET /plugins/semantic-block/index.js → 200
  GET /plugins/semantic-query/index.js → 200
  GET /plugins/backlinks/index.js → 200
  GET /plugins/sealso/index.js → 200
  GET /plugins/place-map/index.js → 200
  GET /plugins/route-map/index.js → 200
  GET /plugins/geomap/index.js → 200
  GET /plugins/math/index.js → 200
  GET /data/chapter_map.json → 200
  GET /recent.lite.jsonl → 200
  GET /index.html → 200
  GET /css/main.css → 200
  GET /js/core.js → 200
  GET /pages.lite.json → 200
  GET /js/hooks.js → 200
  GET /js/registry.js → 200
  GET /js/router.js → 200
  GET /js/parser.js → 200
  GET /js/util.js → 200
  GET /js/renderer.js → 200
  GET /js/frontmatter.js → 200
  GET /js/wikilink.js → 200
  GET /js/autolink.js → 200
  GET /js/renderer.js → 200
  GET /js/special.js → 200
  GET /pages.lite.json → 200
  GET /pages.json → 200
  GET /plugins.json → 200
  GET /plugins/pn-citation/index.js → 200
  GET /plugins/footnote/index.js → 200
  GET /plugins/footnote/markdown-it-footnote.js → 200
  GET /plugins/semantic-block/index.js → 200
  GET /plugins/semantic-query/index.js → 200
  GET /plugins/backlinks/index.js → 200
  GET /plugins/sealso/index.js → 200
  GET /plugins/place-map/index.js → 200
  GET /plugins/route-map/index.js → 200
  GET /plugins/geomap/index.js → 200
  GET /plugins/math/index.js → 200
  GET /data/chapter_map.json → 200
  GET /recent.lite.jsonl → 200
  GET /index.html → 200
  GET /css/main.css → 200
  GET /js/core.js → 200
  GET /pages.lite.json → 200
  GET /js/hooks.js → 200
  GET /js/registry.js → 200
  GET /js/router.js → 200
  GET /js/parser.js → 200
  GET /js/util.js → 200
  GET /js/renderer.js → 200
  GET /js/frontmatter.js → 200
  GET /js/wikilink.js → 200
  GET /js/autolink.js → 200
  GET /js/renderer.js → 200
  GET /js/special.js → 200
  GET /pages.lite.json → 200
  GET /pages.json → 200
  GET /plugins.json → 200
  GET /plugins/pn-citation/index.js → 200
  GET /plugins/footnote/index.js → 200
  GET /plugins/footnote/markdown-it-footnote.js → 200
  GET /plugins/semantic-block/index.js → 200
  GET /plugins/semantic-query/index.js → 200
  GET /plugins/backlinks/index.js → 200
  GET /plugins/sealso/index.js → 200
  GET /plugins/place-map/index.js → 200
  GET /plugins/route-map/index.js → 200
  GET /plugins/geomap/index.js → 200
  GET /plugins/math/index.js → 200
  GET /data/chapter_map.json → 200
  GET /index.html → 200
  GET /css/main.css → 200
  GET /js/core.js → 200
  GET /pages.lite.json → 200
  GET /js/hooks.js → 200
  GET /js/registry.js → 200
  GET /js/router.js → 200
  GET /js/parser.js → 200
  GET /js/util.js → 200
  GET /js/renderer.js → 200
  GET /js/renderer.js → 200
  GET /js/special.js → 200
  GET /js/frontmatter.js → 200
  GET /js/wikilink.js → 200
  GET /js/autolink.js → 200
  GET /pages.lite.json → 200
  GET /pages.json → 200
  GET /plugins.json → 200
  GET /plugins/pn-citation/index.js → 200
  GET /plugins/footnote/index.js → 200
  GET /plugins/footnote/markdown-it-footnote.js → 200
  GET /plugins/semantic-block/index.js → 200
  GET /plugins/semantic-query/index.js → 200
  GET /plugins/backlinks/index.js → 200
  GET /plugins/sealso/index.js → 200
  GET /plugins/place-map/index.js → 200
  GET /plugins/route-map/index.js → 200
  GET /plugins/geomap/index.js → 200
  GET /plugins/math/index.js → 200
  GET /data/chapter_map.json → 200
  GET /recent.lite.jsonl → 200
  GET /index.html → 200
  GET /css/main.css → 200
  GET /js/core.js → 200
  GET /pages.lite.json → 200
  GET /js/hooks.js → 200
  GET /js/registry.js → 200
  GET /js/router.js → 200
  GET /js/parser.js → 200
  GET /js/util.js → 200
  GET /js/renderer.js → 200
  GET /js/frontmatter.js → 200
  GET /js/wikilink.js → 200
  GET /js/autolink.js → 200
  GET /js/renderer.js → 200
  GET /js/special.js → 200
  GET /pages.lite.json → 200
  GET /pages.json → 200
  GET /plugins.json → 200
  GET /plugins/pn-citation/index.js → 200
  GET /plugins/footnote/index.js → 200
  GET /plugins/footnote/markdown-it-footnote.js → 200
  GET /plugins/semantic-block/index.js → 200
  GET /plugins/semantic-query/index.js → 200
  GET /plugins/backlinks/index.js → 200
  GET /plugins/sealso/index.js → 200
  GET /plugins/place-map/index.js → 200
  GET /plugins/route-map/index.js → 200
  GET /plugins/geomap/index.js → 200
  GET /plugins/math/index.js → 200
  GET /data/chapter_map.json → 200
  GET /recent.lite.jsonl → 200
  GET /index.html → 200
  GET /css/main.css → 200
  GET /js/core.js → 200
  GET /pages.lite.json → 200
  GET /js/hooks.js → 200
  GET /js/registry.js → 200
  GET /js/router.js → 200
  GET /js/parser.js → 200
  GET /js/util.js → 200
  GET /js/renderer.js → 200
  GET /js/frontmatter.js → 200
  GET /js/wikilink.js → 200
  GET /js/autolink.js → 200
  GET /js/renderer.js → 200
  GET /js/special.js → 200
  GET /pages.lite.json → 200
  GET /pages.json → 200
  GET /plugins.json → 200
  GET /plugins/pn-citation/index.js → 200
  GET /plugins/footnote/index.js → 200
  GET /plugins/footnote/markdown-it-footnote.js → 200
  GET /plugins/semantic-block/index.js → 200
  GET /plugins/semantic-query/index.js → 200
  GET /plugins/backlinks/index.js → 200
  GET /plugins/sealso/index.js → 200
  GET /plugins/place-map/index.js → 200
  GET /plugins/route-map/index.js → 200
  GET /plugins/geomap/index.js → 200
  GET /plugins/math/index.js → 200
  GET /data/chapter_map.json → 200
  GET /recent.lite.jsonl → 200
  GET /index.html → 200
  GET /css/main.css → 200
  GET /js/core.js → 200
  GET /pages.lite.json → 200
  GET /js/hooks.js → 200
  GET /js/registry.js → 200
  GET /js/router.js → 200
  GET /js/parser.js → 200
  GET /js/util.js → 200
  GET /js/renderer.js → 200
  GET /js/frontmatter.js → 200
  GET /js/wikilink.js → 200
  GET /js/autolink.js → 200
  GET /js/renderer.js → 200
  GET /js/special.js → 200
  GET /pages.lite.json → 200
  GET /pages.json → 200
  GET /plugins.json → 200
  GET /plugins/pn-citation/index.js → 200
  GET /plugins/footnote/index.js → 200
  GET /plugins/footnote/markdown-it-footnote.js → 200
  GET /plugins/semantic-block/index.js → 200
  GET /plugins/semantic-query/index.js → 200
  GET /plugins/backlinks/index.js → 200
  GET /plugins/sealso/index.js → 200
  GET /plugins/place-map/index.js → 200
  GET /plugins/route-map/index.js → 200
  GET /plugins/geomap/index.js → 200
  GET /plugins/math/index.js → 200
  GET /data/chapter_map.json → 200
  GET /recent.lite.jsonl → 200
  GET /index.html → 200
  GET /css/main.css → 200
  GET /js/core.js → 200
  GET /pages.lite.json → 200
  GET /js/hooks.js → 200
  GET /js/registry.js → 200
  GET /js/router.js → 200
  GET /js/parser.js → 200
  GET /js/util.js → 200
  GET /js/renderer.js → 200
  GET /js/frontmatter.js → 200
  GET /js/wikilink.js → 200
  GET /js/autolink.js → 200
  GET /js/renderer.js → 200
  GET /js/special.js → 200
  GET /pages.lite.json → 200
  GET /pages.json → 200
  GET /plugins.json → 200
  GET /plugins/pn-citation/index.js → 200
  GET /plugins/footnote/index.js → 200
  GET /plugins/footnote/markdown-it-footnote.js → 200
  GET /plugins/semantic-block/index.js → 200
  GET /plugins/semantic-query/index.js → 200
  GET /plugins/backlinks/index.js → 200
  GET /plugins/sealso/index.js → 200
  GET /plugins/place-map/index.js → 200
  GET /plugins/route-map/index.js → 200
  GET /plugins/geomap/index.js → 200
  GET /plugins/math/index.js → 200
  GET /data/chapter_map.json → 200
  GET /recent.lite.jsonl → 200
  GET /pages/梁太祖.md → 200
  GET /pages/第272卷.md → 200
  GET /pages/梁太祖.md → 200
  GET /pages/唐庄宗.md → 200
  GET /pages/汉高祖刘邦.md → 200
  GET /pages/唐庄宗.md → 200
  GET /index.html → 200
  GET /css/main.css → 200
  GET /js/core.js → 200
  GET /pages.lite.json → 200
  GET /js/hooks.js → 200
  GET /js/registry.js → 200
  GET /js/router.js → 200
  GET /js/parser.js → 200
  GET /js/util.js → 200
  GET /js/renderer.js → 200
  GET /js/frontmatter.js → 200
  GET /js/wikilink.js → 200
  GET /js/autolink.js → 200
  GET /js/renderer.js → 200
  GET /js/special.js → 200
  GET /pages.lite.json → 200
  GET /pages.json → 200
  GET /plugins.json → 200
  GET /plugins/pn-citation/index.js → 200
  GET /plugins/footnote/index.js → 200
  GET /plugins/footnote/markdown-it-footnote.js → 200
  GET /plugins/semantic-block/index.js → 200
  GET /plugins/semantic-query/index.js → 200
  GET /plugins/backlinks/index.js → 200
  GET /plugins/sealso/index.js → 200
  GET /plugins/place-map/index.js → 200
  GET /plugins/route-map/index.js → 200
  GET /plugins/geomap/index.js → 200
  GET /plugins/math/index.js → 200
  GET /data/chapter_map.json → 200
  GET /index.html → 200
  GET /css/main.css → 200
  GET /js/core.js → 200
  GET /pages.lite.json → 200
  GET /js/hooks.js → 200
  GET /js/registry.js → 200
  GET /js/router.js → 200
  GET /js/parser.js → 200
  GET /js/util.js → 200
  GET /js/renderer.js → 200
  GET /js/frontmatter.js → 200
  GET /js/wikilink.js → 200
  GET /js/autolink.js → 200
  GET /js/renderer.js → 200
  GET /js/special.js → 200
  GET /pages.lite.json → 200
  GET /pages.json → 200
  GET /plugins.json → 200
  GET /plugins/pn-citation/index.js → 200
  GET /plugins/footnote/index.js → 200
  GET /plugins/footnote/markdown-it-footnote.js → 200
  GET /plugins/semantic-block/index.js → 200
  GET /plugins/semantic-query/index.js → 200
  GET /plugins/backlinks/index.js → 200
  GET /plugins/sealso/index.js → 200
  GET /plugins/place-map/index.js → 200
  GET /plugins/route-map/index.js → 200
  GET /plugins/geomap/index.js → 200
  GET /plugins/math/index.js → 200
  GET /data/chapter_map.json → 200
  GET /pages/光武帝刘秀.md → 200
  GET /index.html → 200
  GET /css/main.css → 200
  GET /js/core.js → 200
  GET /pages.lite.json → 200
  GET /js/hooks.js → 200
  GET /js/registry.js → 200
  GET /js/router.js → 200
  GET /js/parser.js → 200
  GET /js/util.js → 200
  GET /js/renderer.js → 200
  GET /js/frontmatter.js → 200
  GET /js/wikilink.js → 200
  GET /js/autolink.js → 200
  GET /js/renderer.js → 200
  GET /js/special.js → 200
  GET /pages.lite.json → 200
  GET /pages.json → 200
  GET /plugins.json → 200
  GET /plugins/pn-citation/index.js → 200
  GET /plugins/footnote/index.js → 200
  GET /plugins/footnote/markdown-it-footnote.js → 200
  GET /plugins/semantic-block/index.js → 200
  GET /plugins/semantic-query/index.js → 200
  GET /plugins/backlinks/index.js → 200
  GET /plugins/sealso/index.js → 200
  GET /plugins/place-map/index.js → 200
  GET /plugins/route-map/index.js → 200
  GET /plugins/geomap/index.js → 200
  GET /plugins/math/index.js → 200
  GET /data/chapter_map.json → 200
  GET /recent.lite.jsonl → 200
  GET /index.html → 200
  GET /css/main.css → 200
  GET /js/core.js → 200
  GET /pages.lite.json → 200
  GET /js/hooks.js → 200
  GET /js/registry.js → 200
  GET /js/router.js → 200
  GET /js/parser.js → 200
  GET /js/util.js → 200
  GET /js/renderer.js → 200
  GET /js/frontmatter.js → 200
  GET /js/wikilink.js → 200
  GET /js/autolink.js → 200
  GET /js/renderer.js → 200
  GET /js/special.js → 200
  GET /pages.lite.json → 200
  GET /pages.json → 200
  GET /plugins.json → 200
  GET /plugins/pn-citation/index.js → 200
  GET /plugins/footnote/index.js → 200
  GET /plugins/footnote/markdown-it-footnote.js → 200
  GET /plugins/semantic-block/index.js → 200
  GET /plugins/semantic-query/index.js → 200
  GET /plugins/backlinks/index.js → 200
  GET /plugins/sealso/index.js → 200
  GET /plugins/place-map/index.js → 200
  GET /plugins/route-map/index.js → 200
  GET /plugins/geomap/index.js → 200
  GET /plugins/math/index.js → 200
  GET /data/chapter_map.json → 200
  GET /recent.lite.jsonl → 200
  GET /index.html → 200
  GET /css/main.css → 200
  GET /js/core.js → 200
  GET /pages.lite.json → 200
  GET /js/hooks.js → 200
  GET /js/registry.js → 200
  GET /js/router.js → 200
  GET /js/parser.js → 200
  GET /js/util.js → 200
  GET /js/renderer.js → 200
  GET /js/frontmatter.js → 200
  GET /js/wikilink.js → 200
  GET /js/autolink.js → 200
  GET /js/renderer.js → 200
  GET /js/special.js → 200
  GET /pages.lite.json → 200
  GET /pages.json → 200
  GET /plugins.json → 200
  GET /plugins/pn-citation/index.js → 200
  GET /plugins/footnote/index.js → 200
  GET /plugins/footnote/markdown-it-footnote.js → 200
  GET /plugins/semantic-block/index.js → 200
  GET /plugins/semantic-query/index.js → 200
  GET /plugins/backlinks/index.js → 200
  GET /plugins/sealso/index.js → 200
  GET /plugins/place-map/index.js → 200
  GET /plugins/route-map/index.js → 200
  GET /plugins/geomap/index.js → 200
  GET /plugins/math/index.js → 200
  GET /data/chapter_map.json → 200
  GET /recent.lite.jsonl → 200
  GET /pages/长平之战.md → 200
  GET /index.html → 200
  GET /css/main.css → 200
  GET /js/core.js → 200
  GET /pages.lite.json → 200
  GET /js/hooks.js → 200
  GET /js/registry.js → 200
  GET /js/router.js → 200
  GET /js/parser.js → 200
  GET /js/util.js → 200
  GET /js/renderer.js → 200
  GET /js/frontmatter.js → 200
  GET /js/wikilink.js → 200
  GET /js/autolink.js → 200
  GET /js/renderer.js → 200
  GET /js/special.js → 200
  GET /pages.lite.json → 200
  GET /pages.json → 200
  GET /plugins.json → 200
  GET /plugins/pn-citation/index.js → 200
  GET /plugins/footnote/index.js → 200
  GET /plugins/footnote/markdown-it-footnote.js → 200
  GET /plugins/semantic-block/index.js → 200
  GET /plugins/semantic-query/index.js → 200
  GET /plugins/backlinks/index.js → 200
  GET /plugins/sealso/index.js → 200
  GET /plugins/place-map/index.js → 200
  GET /plugins/route-map/index.js → 200
  GET /data/place_coords.json → 200
  GET /plugins/geomap/index.js → 200
  GET /data/place_coords.json → 200
  GET /plugins/math/index.js → 200
  GET /data/chapter_map.json → 200
  GET /pages/长平之战.md → 200
  GET /pages/长平之战.md → 200
  GET /pages/长平之战.md → 200
  GET /index.html → 200
  GET /css/main.css → 200
  GET /js/core.js → 200
  GET /pages.lite.json → 200
  GET /js/hooks.js → 200
  GET /js/registry.js → 200
  GET /js/router.js → 200
  GET /js/parser.js → 200
  GET /js/util.js → 200
  GET /js/renderer.js → 200
  GET /js/frontmatter.js → 200
  GET /js/wikilink.js → 200
  GET /js/autolink.js → 200
  GET /js/renderer.js → 200
  GET /js/special.js → 200
  GET /pages.lite.json → 200
  GET /pages.json → 200
  GET /plugins.json → 200
  GET /plugins/pn-citation/index.js → 200
  GET /plugins/footnote/index.js → 200
  GET /plugins/footnote/markdown-it-footnote.js → 200
  GET /plugins/semantic-block/index.js → 200
  GET /plugins/semantic-query/index.js → 200
  GET /plugins/backlinks/index.js → 200
  GET /plugins/sealso/index.js → 200
  GET /plugins/place-map/index.js → 200
  GET /plugins/route-map/index.js → 200
  GET /data/place_coords.json → 200
  GET /plugins/geomap/index.js → 200
  GET /data/place_coords.json → 200
  GET /plugins/math/index.js → 200
  GET /data/chapter_map.json → 200
  GET /pages/长平之战.md → 200
  GET /pages/赤壁之战.md → 200
  GET /recent.lite.jsonl → 200
  GET /index.html → 200
  GET /css/main.css → 200
  GET /js/core.js → 200
  GET /pages.lite.json → 200
  GET /js/hooks.js → 200
  GET /js/registry.js → 200
  GET /js/router.js → 200
  GET /js/parser.js → 200
  GET /js/util.js → 200
  GET /js/renderer.js → 200
  GET /js/frontmatter.js → 200
  GET /js/wikilink.js → 200
  GET /js/autolink.js → 200
  GET /js/renderer.js → 200
  GET /js/special.js → 200
  GET /pages.lite.json → 200
  GET /pages.json → 200
  GET /plugins.json → 200
  GET /plugins/pn-citation/index.js → 200
  GET /plugins/footnote/index.js → 200
  GET /plugins/footnote/markdown-it-footnote.js → 200
  GET /plugins/semantic-block/index.js → 200
  GET /plugins/semantic-query/index.js → 200
  GET /plugins/backlinks/index.js → 200
  GET /plugins/sealso/index.js → 200
  GET /plugins/place-map/index.js → 200
  GET /plugins/route-map/index.js → 200
  GET /data/place_coords.json → 200
  GET /plugins/geomap/index.js → 200
  GET /data/place_coords.json → 200
  GET /plugins/math/index.js → 200
  GET /data/chapter_map.json → 200
  GET /recent.lite.jsonl → 200
  GET /index.html → 200
  GET /css/main.css → 200
  GET /js/core.js → 200
  GET /pages.lite.json → 200
  GET /js/hooks.js → 200
  GET /js/registry.js → 200
  GET /js/router.js → 200
  GET /js/parser.js → 200
  GET /js/util.js → 200
  GET /js/renderer.js → 200
  GET /js/frontmatter.js → 200
  GET /js/wikilink.js → 200
  GET /js/autolink.js → 200
  GET /js/renderer.js → 200
  GET /js/special.js → 200
  GET /pages.lite.json → 200
  GET /pages.json → 200
  GET /plugins.json → 200
  GET /plugins/pn-citation/index.js → 200
  GET /plugins/footnote/index.js → 200
  GET /plugins/footnote/markdown-it-footnote.js → 200
  GET /plugins/semantic-block/index.js → 200
  GET /plugins/semantic-query/index.js → 200
  GET /plugins/backlinks/index.js → 200
  GET /plugins/sealso/index.js → 200
  GET /plugins/place-map/index.js → 200
  GET /plugins/route-map/index.js → 200
  GET /data/place_coords.json → 200
  GET /plugins/geomap/index.js → 200
  GET /data/place_coords.json → 200
  GET /plugins/math/index.js → 200
  GET /data/chapter_map.json → 200
  GET /pages/秦始皇.md → 200
  GET /pages/李斯.md → 200
  GET /recent.lite.jsonl → 200
  GET /pages/周处.md → 200
  GET /pages/苻坚.md → 200
  GET /pages/司马光.md → 200
  GET /pages/第001卷.md → 200
  GET /pages/第002卷.md → 200
  GET /pages/第003卷.md → 200
  GET /index.html → 200
  GET /css/main.css → 200
  GET /js/core.js → 200
  GET /pages.lite.json → 200
  GET /js/hooks.js → 200
  GET /js/registry.js → 200
  GET /js/router.js → 200
  GET /js/parser.js → 200
  GET /js/util.js → 200
  GET /js/renderer.js → 200
  GET /js/frontmatter.js → 200
  GET /js/wikilink.js → 200
  GET /js/autolink.js → 200
  GET /js/renderer.js → 200
  GET /js/special.js → 200
  GET /pages.lite.json → 200
  GET /pages.json → 200
  GET /plugins.json → 200
  GET /plugins/pn-citation/index.js → 200
  GET /plugins/footnote/index.js → 200
  GET /plugins/footnote/markdown-it-footnote.js → 200
  GET /plugins/semantic-block/index.js → 200
  GET /plugins/semantic-query/index.js → 200
  GET /plugins/backlinks/index.js → 200
  GET /plugins/sealso/index.js → 200
  GET /plugins/place-map/index.js → 200
  GET /plugins/route-map/index.js → 200
  GET /data/place_coords.json → 200
  GET /plugins/geomap/index.js → 200
  GET /data/place_coords.json → 200
  GET /plugins/math/index.js → 200
  GET /data/chapter_map.json → 200
  GET /index.html → 200
  GET /css/main.css → 200
  GET /js/core.js → 200
  GET /pages.lite.json → 200
  GET /js/hooks.js → 200
  GET /js/registry.js → 200
  GET /js/router.js → 200
  GET /js/parser.js → 200
  GET /js/util.js → 200
  GET /js/renderer.js → 200
  GET /js/frontmatter.js → 200
  GET /js/wikilink.js → 200
  GET /js/autolink.js → 200
  GET /js/renderer.js → 200
  GET /js/special.js → 200
  GET /pages.lite.json → 200
  GET /pages.json → 200
  GET /plugins.json → 200
  GET /plugins/pn-citation/index.js → 200
  GET /plugins/footnote/index.js → 200
  GET /plugins/footnote/markdown-it-footnote.js → 200
  GET /plugins/semantic-block/index.js → 200
  GET /plugins/semantic-query/index.js → 200
  GET /plugins/backlinks/index.js → 200
  GET /plugins/sealso/index.js → 200
  GET /plugins/place-map/index.js → 200
  GET /plugins/route-map/index.js → 200
  GET /data/place_coords.json → 200
  GET /plugins/geomap/index.js → 200
  GET /data/place_coords.json → 200
  GET /plugins/math/index.js → 200
  GET /data/chapter_map.json → 200
  GET /pages/三家分晋.md → 200
  GET /history/三家分晋.jsonl → 200
  GET /pages/三家分晋.md → 200
  GET /recent.lite.jsonl → 200
  GET /pages/唐高祖.md → 200
  GET /history/唐高祖.jsonl → 200
  GET /pages/唐高祖.md → 200
  GET /pages/玄武门之变.md → 200
  GET /history/玄武门之变.jsonl → 200
